<?xml version="1.0" encoding="UTF-8"?>
<testng-results ignored="0" total="1" passed="1" failed="0" skipped="0">
  <reporter-output>
  </reporter-output>
  <suite started-at="2026-04-05T18:53:48 EDT" name="LoginSuite" finished-at="2026-04-05T18:53:53 EDT" duration-ms="5604">
    <groups>
    </groups>
    <test started-at="2026-04-05T18:53:48 EDT" name="LoginTests" finished-at="2026-04-05T18:53:53 EDT" duration-ms="5604">
      <class name="tests.LoginTest">
        <test-method is-config="true" signature="setUp()[pri:0, instance:tests.LoginTest@130161f7]" started-at="2026-04-05T18:53:48 EDT" name="setUp" finished-at="2026-04-05T18:53:51 EDT" duration-ms="3182" status="PASS">
          <reporter-output>
          </reporter-output>
        </test-method> <!-- setUp -->
        <test-method signature="testValidLogin()[pri:0, instance:tests.LoginTest@130161f7]" started-at="2026-04-05T18:53:51 EDT" name="testValidLogin" finished-at="2026-04-05T18:53:53 EDT" duration-ms="2387" status="PASS">
          <reporter-output>
          </reporter-output>
        </test-method> <!-- testValidLogin -->
        <test-method is-config="true" signature="tearDown()[pri:0, instance:tests.LoginTest@130161f7]" started-at="2026-04-05T18:53:53 EDT" name="tearDown" finished-at="2026-04-05T18:53:53 EDT" duration-ms="0" status="PASS">
          <reporter-output>
          </reporter-output>
        </test-method> <!-- tearDown -->
      </class> <!-- tests.LoginTest -->
    </test> <!-- LoginTests -->
  </suite> <!-- LoginSuite -->
</testng-results>
